<!DOCTYPE html>
<html>
<head>
<meta http-equiv="Content-Type" content="text/html; charset=utf-8"/>
<meta http-equiv="x-ua-compatible" content="IE=edge"/>
<title>Test results - TopicServiceTest</title>
<link href="../css/base-style.css" rel="stylesheet" type="text/css"/>
<link href="../css/style.css" rel="stylesheet" type="text/css"/>
<script src="../js/report.js" type="text/javascript"></script>
</head>
<body>
<div id="content">
<h1>TopicServiceTest</h1>
<div class="breadcrumbs">
<a href="../index.html">all</a> &gt; 
<a href="../packages/br.com.matheuscordeiro.forum.services.html">br.com.matheuscordeiro.forum.services</a> &gt; TopicServiceTest</div>
<div id="summary">
<table>
<tr>
<td>
<div class="summaryGroup">
<table>
<tr>
<td>
<div class="infoBox" id="tests">
<div class="counter">3</div>
<p>tests</p>
</div>
</td>
<td>
<div class="infoBox" id="failures">
<div class="counter">2</div>
<p>failures</p>
</div>
</td>
<td>
<div class="infoBox" id="ignored">
<div class="counter">0</div>
<p>ignored</p>
</div>
</td>
<td>
<div class="infoBox" id="duration">
<div class="counter">0.301s</div>
<p>duration</p>
</div>
</td>
</tr>
</table>
</div>
</td>
<td>
<div class="infoBox failures" id="successRate">
<div class="percent">33%</div>
<p>successful</p>
</div>
</td>
</tr>
</table>
</div>
<div id="tabs">
<ul class="tabLinks">
<li>
<a href="#tab0">Failed tests</a>
</li>
<li>
<a href="#tab1">Tests</a>
</li>
<li>
<a href="#tab2">Standard output</a>
</li>
</ul>
<div id="tab0" class="tab">
<h2>Failed tests</h2>
<div class="test">
<a name="should list all topics when course name is null()"></a>
<h3 class="failures">should list all topics when course name is null()</h3>
<span class="code">
<pre>java.lang.AssertionError: Verification failed: call 1 of 1: TopicRepository(#2).findAll(eq(Pageable(#1)))) should not be called

Calls:
1) TopicRepository(#2).findAll(Pageable(#1))


Stack traces:
1)                                                                                    io.mockk.impl.InternalPlatform.captureStackTrace                               (InternalPlatform.kt:125)                          
                                                                                        io.mockk.impl.stub.MockKStub.handleInvocation                                (MockKStub.kt:255)                                 
                                                      io.mockk.impl.instantiation.JvmMockFactoryHelper$mockHandler$1.invocation                                      (JvmMockFactoryHelper.kt:24)                       
                                                                               io.mockk.proxy.jvm.advice.Interceptor.call                                            (Interceptor.kt:21)                                
                                                                                io.mockk.proxy.jvm.advice.BaseAdvice.handle                                          (BaseAdvice.kt:42)                                 
                                                              io.mockk.proxy.jvm.advice.jvm.JvmMockKProxyInterceptor.interceptNoSuper                                (JvmMockKProxyInterceptor.java:45)                 
                                                 br.com.matheuscordeiro.forum.repositories.TopicRepository$Subclass1.findAll                                         (-:-1)                                             
                                                         br.com.matheuscordeiro.forum.services.impl.TopicServiceImpl.findList                                        (TopicServiceImpl.kt:31)                           
                                                              br.com.matheuscordeiro.forum.services.TopicServiceTest.should list all topics when course name is null (TopicServiceTest.kt:54)                           
                                                                       jdk.internal.reflect.NativeMethodAccessorImpl.invoke0                                         (NativeMethodAccessorImpl.java:-2)N                
                                                                       jdk.internal.reflect.NativeMethodAccessorImpl.invoke                                          (NativeMethodAccessorImpl.java:77)                 
                                                                   jdk.internal.reflect.DelegatingMethodAccessorImpl.invoke                                          (DelegatingMethodAccessorImpl.java:43)             
                                                                                            java.lang.reflect.Method.invoke                                          (Method.java:568)                                  
                                                                     org.junit.platform.commons.util.ReflectionUtils.invokeMethod                                    (ReflectionUtils.java:725)                         
                                                                 org.junit.jupiter.engine.execution.MethodInvocation.proceed                                         (MethodInvocation.java:60)                         
                                  org.junit.jupiter.engine.execution.InvocationInterceptorChain$ValidatingInvocation.proceed                                         (InvocationInterceptorChain.java:131)              
                                                                 org.junit.jupiter.engine.extension.TimeoutExtension.intercept                                       (TimeoutExtension.java:149)                        
                                                                 org.junit.jupiter.engine.extension.TimeoutExtension.interceptTestableMethod                         (TimeoutExtension.java:140)                        
                                                                 org.junit.jupiter.engine.extension.TimeoutExtension.interceptTestMethod                             (TimeoutExtension.java:84)                         
                                      org.junit.jupiter.engine.execution.ExecutableInvoker$ReflectiveInterceptorCall.lambda$ofVoidMethod$0                           (ExecutableInvoker.java:115)                       
                                                                org.junit.jupiter.engine.execution.ExecutableInvoker.lambda$invoke$0                                 (ExecutableInvoker.java:105)                       
                                 org.junit.jupiter.engine.execution.InvocationInterceptorChain$InterceptedInvocation.proceed                                         (InvocationInterceptorChain.java:106)              
                                                       org.junit.jupiter.engine.execution.InvocationInterceptorChain.proceed                                         (InvocationInterceptorChain.java:64)               
                                                       org.junit.jupiter.engine.execution.InvocationInterceptorChain.chainAndInvoke                                  (InvocationInterceptorChain.java:45)               
                                                       org.junit.jupiter.engine.execution.InvocationInterceptorChain.invoke                                          (InvocationInterceptorChain.java:37)               
                                                                org.junit.jupiter.engine.execution.ExecutableInvoker.invoke                                          (ExecutableInvoker.java:104)                       
                                                                org.junit.jupiter.engine.execution.ExecutableInvoker.invoke                                          (ExecutableInvoker.java:98)                        
                                                        org.junit.jupiter.engine.descriptor.TestMethodTestDescriptor.lambda$invokeTestMethod$7                       (TestMethodTestDescriptor.java:214)                
                                                   org.junit.platform.engine.support.hierarchical.ThrowableCollector.execute                                         (ThrowableCollector.java:73)                       
                                                        org.junit.jupiter.engine.descriptor.TestMethodTestDescriptor.invokeTestMethod                                (TestMethodTestDescriptor.java:210)                
                                                        org.junit.jupiter.engine.descriptor.TestMethodTestDescriptor.execute                                         (TestMethodTestDescriptor.java:135)                
                                                        org.junit.jupiter.engine.descriptor.TestMethodTestDescriptor.execute                                         (TestMethodTestDescriptor.java:66)                 
                                                         org.junit.platform.engine.support.hierarchical.NodeTestTask.lambda$executeRecursively$6                     (NodeTestTask.java:151)                            
                                                   org.junit.platform.engine.support.hierarchical.ThrowableCollector.execute                                         (ThrowableCollector.java:73)                       
                                                         org.junit.platform.engine.support.hierarchical.NodeTestTask.lambda$executeRecursively$8                     (NodeTestTask.java:141)                            
                                                                 org.junit.platform.engine.support.hierarchical.Node.around                                          (Node.java:137)                                    
                                                         org.junit.platform.engine.support.hierarchical.NodeTestTask.lambda$executeRecursively$9                     (NodeTestTask.java:139)                            
                                                   org.junit.platform.engine.support.hierarchical.ThrowableCollector.execute                                         (ThrowableCollector.java:73)                       
                                                         org.junit.platform.engine.support.hierarchical.NodeTestTask.executeRecursively                              (NodeTestTask.java:138)                            
                                                         org.junit.platform.engine.support.hierarchical.NodeTestTask.execute                                         (NodeTestTask.java:95)                             
                                                                                                 java.util.ArrayList.forEach                                         (ArrayList.java:1511)                              
                            org.junit.platform.engine.support.hierarchical.SameThreadHierarchicalTestExecutorService.invokeAll                                       (SameThreadHierarchicalTestExecutorService.java:41)
                                                         org.junit.platform.engine.support.hierarchical.NodeTestTask.lambda$executeRecursively$6                     (NodeTestTask.java:155)                            
                                                   org.junit.platform.engine.support.hierarchical.ThrowableCollector.execute                                         (ThrowableCollector.java:73)                       
                                                         org.junit.platform.engine.support.hierarchical.NodeTestTask.lambda$executeRecursively$8                     (NodeTestTask.java:141)                            
                                                                 org.junit.platform.engine.support.hierarchical.Node.around                                          (Node.java:137)                                    
                                                         org.junit.platform.engine.support.hierarchical.NodeTestTask.lambda$executeRecursively$9                     (NodeTestTask.java:139)                            
                                                   org.junit.platform.engine.support.hierarchical.ThrowableCollector.execute                                         (ThrowableCollector.java:73)                       
                                                         org.junit.platform.engine.support.hierarchical.NodeTestTask.executeRecursively                              (NodeTestTask.java:138)                            
                                                         org.junit.platform.engine.support.hierarchical.NodeTestTask.execute                                         (NodeTestTask.java:95)                             
                                                                                                 java.util.ArrayList.forEach                                         (ArrayList.java:1511)                              
                            org.junit.platform.engine.support.hierarchical.SameThreadHierarchicalTestExecutorService.invokeAll                                       (SameThreadHierarchicalTestExecutorService.java:41)
                                                         org.junit.platform.engine.support.hierarchical.NodeTestTask.lambda$executeRecursively$6                     (NodeTestTask.java:155)                            
                                                   org.junit.platform.engine.support.hierarchical.ThrowableCollector.execute                                         (ThrowableCollector.java:73)                       
                                                         org.junit.platform.engine.support.hierarchical.NodeTestTask.lambda$executeRecursively$8                     (NodeTestTask.java:141)                            
                                                                 org.junit.platform.engine.support.hierarchical.Node.around                                          (Node.java:137)                                    
                                                         org.junit.platform.engine.support.hierarchical.NodeTestTask.lambda$executeRecursively$9                     (NodeTestTask.java:139)                            
                                                   org.junit.platform.engine.support.hierarchical.ThrowableCollector.execute                                         (ThrowableCollector.java:73)                       
                                                         org.junit.platform.engine.support.hierarchical.NodeTestTask.executeRecursively                              (NodeTestTask.java:138)                            
                                                         org.junit.platform.engine.support.hierarchical.NodeTestTask.execute                                         (NodeTestTask.java:95)                             
                            org.junit.platform.engine.support.hierarchical.SameThreadHierarchicalTestExecutorService.submit                                          (SameThreadHierarchicalTestExecutorService.java:35)
                                             org.junit.platform.engine.support.hierarchical.HierarchicalTestExecutor.execute                                         (HierarchicalTestExecutor.java:57)                 
                                               org.junit.platform.engine.support.hierarchical.HierarchicalTestEngine.execute                                         (HierarchicalTestEngine.java:54)                   
                                                        org.junit.platform.launcher.core.EngineExecutionOrchestrator.execute                                         (EngineExecutionOrchestrator.java:107)             
                                                        org.junit.platform.launcher.core.EngineExecutionOrchestrator.execute                                         (EngineExecutionOrchestrator.java:88)              
                                                        org.junit.platform.launcher.core.EngineExecutionOrchestrator.lambda$execute$0                                (EngineExecutionOrchestrator.java:54)              
                                                        org.junit.platform.launcher.core.EngineExecutionOrchestrator.withInterceptedStreams                          (EngineExecutionOrchestrator.java:67)              
                                                        org.junit.platform.launcher.core.EngineExecutionOrchestrator.execute                                         (EngineExecutionOrchestrator.java:52)              
                                                                    org.junit.platform.launcher.core.DefaultLauncher.execute                                         (DefaultLauncher.java:114)                         
                                                                    org.junit.platform.launcher.core.DefaultLauncher.execute                                         (DefaultLauncher.java:86)                          
                                          org.junit.platform.launcher.core.DefaultLauncherSession$DelegatingLauncher.execute                                         (DefaultLauncherSession.java:86)                   
                                                          org.junit.platform.launcher.core.SessionPerRequestLauncher.execute                                         (SessionPerRequestLauncher.java:53)                
   org.gradle.api.internal.tasks.testing.junitplatform.JUnitPlatformTestClassProcessor$CollectAllTestClassesExecutor.processAllTestClasses                           (JUnitPlatformTestClassProcessor.java:99)          
   org.gradle.api.internal.tasks.testing.junitplatform.JUnitPlatformTestClassProcessor$CollectAllTestClassesExecutor.access$000                                      (JUnitPlatformTestClassProcessor.java:79)          
                                 org.gradle.api.internal.tasks.testing.junitplatform.JUnitPlatformTestClassProcessor.stop                                            (JUnitPlatformTestClassProcessor.java:75)          
                                                       org.gradle.api.internal.tasks.testing.SuiteTestClassProcessor.stop                                            (SuiteTestClassProcessor.java:61)                  
                                                                       jdk.internal.reflect.NativeMethodAccessorImpl.invoke0                                         (NativeMethodAccessorImpl.java:-2)N                
                                                                       jdk.internal.reflect.NativeMethodAccessorImpl.invoke                                          (NativeMethodAccessorImpl.java:77)                 
                                                                   jdk.internal.reflect.DelegatingMethodAccessorImpl.invoke                                          (DelegatingMethodAccessorImpl.java:43)             
                                                                                            java.lang.reflect.Method.invoke                                          (Method.java:568)                                  
                                                                     org.gradle.internal.dispatch.ReflectionDispatch.dispatch                                        (ReflectionDispatch.java:36)                       
                                                                     org.gradle.internal.dispatch.ReflectionDispatch.dispatch                                        (ReflectionDispatch.java:24)                       
                                                             org.gradle.internal.dispatch.ContextClassLoaderDispatch.dispatch                                        (ContextClassLoaderDispatch.java:33)               
                                      org.gradle.internal.dispatch.ProxyDispatchAdapter$DispatchingInvocationHandler.invoke                                          (ProxyDispatchAdapter.java:94)                     
                                                                                                  jdk.proxy1.$Proxy2.stop                                            (-:-1)                                             
                                                           org.gradle.api.internal.tasks.testing.worker.TestWorker$3.run                                             (TestWorker.java:193)                              
                                                             org.gradle.api.internal.tasks.testing.worker.TestWorker.executeAndMaintainThreadName                    (TestWorker.java:129)                              
                                                             org.gradle.api.internal.tasks.testing.worker.TestWorker.execute                                         (TestWorker.java:100)                              
                                                             org.gradle.api.internal.tasks.testing.worker.TestWorker.execute                                         (TestWorker.java:60)                               
                                                      org.gradle.process.internal.worker.child.ActionExecutionWorker.execute                                         (ActionExecutionWorker.java:56)                    
                                         org.gradle.process.internal.worker.child.SystemApplicationClassLoaderWorker.call                                            (SystemApplicationClassLoaderWorker.java:133)      
                                         org.gradle.process.internal.worker.child.SystemApplicationClassLoaderWorker.call                                            (SystemApplicationClassLoaderWorker.java:71)       
                                                          worker.org.gradle.process.internal.worker.GradleWorkerMain.run                                             (GradleWorkerMain.java:69)                         
                                                          worker.org.gradle.process.internal.worker.GradleWorkerMain.main                                            (GradleWorkerMain.java:74)                         
	at io.mockk.impl.recording.states.VerifyingState.failIfNotPassed(VerifyingState.kt:63)
	at io.mockk.impl.recording.states.VerifyingState.recordingDone(VerifyingState.kt:42)
	at io.mockk.impl.recording.CommonCallRecorder.done(CommonCallRecorder.kt:47)
	at io.mockk.impl.eval.RecordedBlockEvaluator.record(RecordedBlockEvaluator.kt:64)
	at io.mockk.impl.eval.VerifyBlockEvaluator.verify(VerifyBlockEvaluator.kt:30)
	at io.mockk.MockKDsl.internalVerify(API.kt:119)
	at io.mockk.MockKKt.verify(MockK.kt:149)
	at io.mockk.MockKKt.verify$default(MockK.kt:140)
	at br.com.matheuscordeiro.forum.services.TopicServiceTest.should list all topics when course name is null(TopicServiceTest.kt:56)
	at java.base/jdk.internal.reflect.NativeMethodAccessorImpl.invoke0(Native Method)
	at java.base/jdk.internal.reflect.NativeMethodAccessorImpl.invoke(NativeMethodAccessorImpl.java:77)
	at java.base/jdk.internal.reflect.DelegatingMethodAccessorImpl.invoke(DelegatingMethodAccessorImpl.java:43)
	at java.base/java.lang.reflect.Method.invoke(Method.java:568)
	at org.junit.platform.commons.util.ReflectionUtils.invokeMethod(ReflectionUtils.java:725)
	at org.junit.jupiter.engine.execution.MethodInvocation.proceed(MethodInvocation.java:60)
	at org.junit.jupiter.engine.execution.InvocationInterceptorChain$ValidatingInvocation.proceed(InvocationInterceptorChain.java:131)
	at org.junit.jupiter.engine.extension.TimeoutExtension.intercept(TimeoutExtension.java:149)
	at org.junit.jupiter.engine.extension.TimeoutExtension.interceptTestableMethod(TimeoutExtension.java:140)
	at org.junit.jupiter.engine.extension.TimeoutExtension.interceptTestMethod(TimeoutExtension.java:84)
	at org.junit.jupiter.engine.execution.ExecutableInvoker$ReflectiveInterceptorCall.lambda$ofVoidMethod$0(ExecutableInvoker.java:115)
	at org.junit.jupiter.engine.execution.ExecutableInvoker.lambda$invoke$0(ExecutableInvoker.java:105)
	at org.junit.jupiter.engine.execution.InvocationInterceptorChain$InterceptedInvocation.proceed(InvocationInterceptorChain.java:106)
	at org.junit.jupiter.engine.execution.InvocationInterceptorChain.proceed(InvocationInterceptorChain.java:64)
	at org.junit.jupiter.engine.execution.InvocationInterceptorChain.chainAndInvoke(InvocationInterceptorChain.java:45)
	at org.junit.jupiter.engine.execution.InvocationInterceptorChain.invoke(InvocationInterceptorChain.java:37)
	at org.junit.jupiter.engine.execution.ExecutableInvoker.invoke(ExecutableInvoker.java:104)
	at org.junit.jupiter.engine.execution.ExecutableInvoker.invoke(ExecutableInvoker.java:98)
	at org.junit.jupiter.engine.descriptor.TestMethodTestDescriptor.lambda$invokeTestMethod$7(TestMethodTestDescriptor.java:214)
	at org.junit.platform.engine.support.hierarchical.ThrowableCollector.execute(ThrowableCollector.java:73)
	at org.junit.jupiter.engine.descriptor.TestMethodTestDescriptor.invokeTestMethod(TestMethodTestDescriptor.java:210)
	at org.junit.jupiter.engine.descriptor.TestMethodTestDescriptor.execute(TestMethodTestDescriptor.java:135)
	at org.junit.jupiter.engine.descriptor.TestMethodTestDescriptor.execute(TestMethodTestDescriptor.java:66)
	at org.junit.platform.engine.support.hierarchical.NodeTestTask.lambda$executeRecursively$6(NodeTestTask.java:151)
	at org.junit.platform.engine.support.hierarchical.ThrowableCollector.execute(ThrowableCollector.java:73)
	at org.junit.platform.engine.support.hierarchical.NodeTestTask.lambda$executeRecursively$8(NodeTestTask.java:141)
	at org.junit.platform.engine.support.hierarchical.Node.around(Node.java:137)
	at org.junit.platform.engine.support.hierarchical.NodeTestTask.lambda$executeRecursively$9(NodeTestTask.java:139)
	at org.junit.platform.engine.support.hierarchical.ThrowableCollector.execute(ThrowableCollector.java:73)
	at org.junit.platform.engine.support.hierarchical.NodeTestTask.executeRecursively(NodeTestTask.java:138)
	at org.junit.platform.engine.support.hierarchical.NodeTestTask.execute(NodeTestTask.java:95)
	at java.base/java.util.ArrayList.forEach(ArrayList.java:1511)
	at org.junit.platform.engine.support.hierarchical.SameThreadHierarchicalTestExecutorService.invokeAll(SameThreadHierarchicalTestExecutorService.java:41)
	at org.junit.platform.engine.support.hierarchical.NodeTestTask.lambda$executeRecursively$6(NodeTestTask.java:155)
	at org.junit.platform.engine.support.hierarchical.ThrowableCollector.execute(ThrowableCollector.java:73)
	at org.junit.platform.engine.support.hierarchical.NodeTestTask.lambda$executeRecursively$8(NodeTestTask.java:141)
	at org.junit.platform.engine.support.hierarchical.Node.around(Node.java:137)
	at org.junit.platform.engine.support.hierarchical.NodeTestTask.lambda$executeRecursively$9(NodeTestTask.java:139)
	at org.junit.platform.engine.support.hierarchical.ThrowableCollector.execute(ThrowableCollector.java:73)
	at org.junit.platform.engine.support.hierarchical.NodeTestTask.executeRecursively(NodeTestTask.java:138)
	at org.junit.platform.engine.support.hierarchical.NodeTestTask.execute(NodeTestTask.java:95)
	at java.base/java.util.ArrayList.forEach(ArrayList.java:1511)
	at org.junit.platform.engine.support.hierarchical.SameThreadHierarchicalTestExecutorService.invokeAll(SameThreadHierarchicalTestExecutorService.java:41)
	at org.junit.platform.engine.support.hierarchical.NodeTestTask.lambda$executeRecursively$6(NodeTestTask.java:155)
	at org.junit.platform.engine.support.hierarchical.ThrowableCollector.execute(ThrowableCollector.java:73)
	at org.junit.platform.engine.support.hierarchical.NodeTestTask.lambda$executeRecursively$8(NodeTestTask.java:141)
	at org.junit.platform.engine.support.hierarchical.Node.around(Node.java:137)
	at org.junit.platform.engine.support.hierarchical.NodeTestTask.lambda$executeRecursively$9(NodeTestTask.java:139)
	at org.junit.platform.engine.support.hierarchical.ThrowableCollector.execute(ThrowableCollector.java:73)
	at org.junit.platform.engine.support.hierarchical.NodeTestTask.executeRecursively(NodeTestTask.java:138)
	at org.junit.platform.engine.support.hierarchical.NodeTestTask.execute(NodeTestTask.java:95)
	at org.junit.platform.engine.support.hierarchical.SameThreadHierarchicalTestExecutorService.submit(SameThreadHierarchicalTestExecutorService.java:35)
	at org.junit.platform.engine.support.hierarchical.HierarchicalTestExecutor.execute(HierarchicalTestExecutor.java:57)
	at org.junit.platform.engine.support.hierarchical.HierarchicalTestEngine.execute(HierarchicalTestEngine.java:54)
	at org.junit.platform.launcher.core.EngineExecutionOrchestrator.execute(EngineExecutionOrchestrator.java:107)
	at org.junit.platform.launcher.core.EngineExecutionOrchestrator.execute(EngineExecutionOrchestrator.java:88)
	at org.junit.platform.launcher.core.EngineExecutionOrchestrator.lambda$execute$0(EngineExecutionOrchestrator.java:54)
	at org.junit.platform.launcher.core.EngineExecutionOrchestrator.withInterceptedStreams(EngineExecutionOrchestrator.java:67)
	at org.junit.platform.launcher.core.EngineExecutionOrchestrator.execute(EngineExecutionOrchestrator.java:52)
	at org.junit.platform.launcher.core.DefaultLauncher.execute(DefaultLauncher.java:114)
	at org.junit.platform.launcher.core.DefaultLauncher.execute(DefaultLauncher.java:86)
	at org.junit.platform.launcher.core.DefaultLauncherSession$DelegatingLauncher.execute(DefaultLauncherSession.java:86)
	at org.junit.platform.launcher.core.SessionPerRequestLauncher.execute(SessionPerRequestLauncher.java:53)
	at org.gradle.api.internal.tasks.testing.junitplatform.JUnitPlatformTestClassProcessor$CollectAllTestClassesExecutor.processAllTestClasses(JUnitPlatformTestClassProcessor.java:99)
	at org.gradle.api.internal.tasks.testing.junitplatform.JUnitPlatformTestClassProcessor$CollectAllTestClassesExecutor.access$000(JUnitPlatformTestClassProcessor.java:79)
	at org.gradle.api.internal.tasks.testing.junitplatform.JUnitPlatformTestClassProcessor.stop(JUnitPlatformTestClassProcessor.java:75)
	at org.gradle.api.internal.tasks.testing.SuiteTestClassProcessor.stop(SuiteTestClassProcessor.java:61)
	at java.base/jdk.internal.reflect.NativeMethodAccessorImpl.invoke0(Native Method)
	at java.base/jdk.internal.reflect.NativeMethodAccessorImpl.invoke(NativeMethodAccessorImpl.java:77)
	at java.base/jdk.internal.reflect.DelegatingMethodAccessorImpl.invoke(DelegatingMethodAccessorImpl.java:43)
	at java.base/java.lang.reflect.Method.invoke(Method.java:568)
	at org.gradle.internal.dispatch.ReflectionDispatch.dispatch(ReflectionDispatch.java:36)
	at org.gradle.internal.dispatch.ReflectionDispatch.dispatch(ReflectionDispatch.java:24)
	at org.gradle.internal.dispatch.ContextClassLoaderDispatch.dispatch(ContextClassLoaderDispatch.java:33)
	at org.gradle.internal.dispatch.ProxyDispatchAdapter$DispatchingInvocationHandler.invoke(ProxyDispatchAdapter.java:94)
	at jdk.proxy1/jdk.proxy1.$Proxy2.stop(Unknown Source)
	at org.gradle.api.internal.tasks.testing.worker.TestWorker$3.run(TestWorker.java:193)
	at org.gradle.api.internal.tasks.testing.worker.TestWorker.executeAndMaintainThreadName(TestWorker.java:129)
	at org.gradle.api.internal.tasks.testing.worker.TestWorker.execute(TestWorker.java:100)
	at org.gradle.api.internal.tasks.testing.worker.TestWorker.execute(TestWorker.java:60)
	at org.gradle.process.internal.worker.child.ActionExecutionWorker.execute(ActionExecutionWorker.java:56)
	at org.gradle.process.internal.worker.child.SystemApplicationClassLoaderWorker.call(SystemApplicationClassLoaderWorker.java:133)
	at org.gradle.process.internal.worker.child.SystemApplicationClassLoaderWorker.call(SystemApplicationClassLoaderWorker.java:71)
	at worker.org.gradle.process.internal.worker.GradleWorkerMain.run(GradleWorkerMain.java:69)
	at worker.org.gradle.process.internal.worker.GradleWorkerMain.main(GradleWorkerMain.java:74)
</pre>
</span>
</div>
<div class="test">
<a name="should throw exception if topic does not exist()"></a>
<h3 class="failures">should throw exception if topic does not exist()</h3>
<span class="code">
<pre>org.opentest4j.AssertionFailedError: Unexpected exception type thrown ==&gt; expected: &lt;org.springframework.data.crossstore.ChangeSetPersister.NotFoundException&gt; but was: &lt;io.mockk.MockKException&gt;
	at app//org.junit.jupiter.api.AssertThrows.assertThrows(AssertThrows.java:65)
	at app//org.junit.jupiter.api.AssertThrows.assertThrows(AssertThrows.java:37)
	at app//org.junit.jupiter.api.Assertions.assertThrows(Assertions.java:3082)
	at app//br.com.matheuscordeiro.forum.services.TopicServiceTest.should throw exception if topic does not exist(TopicServiceTest.kt:189)
	at java.base@17.0.1/jdk.internal.reflect.NativeMethodAccessorImpl.invoke0(Native Method)
	at java.base@17.0.1/jdk.internal.reflect.NativeMethodAccessorImpl.invoke(NativeMethodAccessorImpl.java:77)
	at java.base@17.0.1/jdk.internal.reflect.DelegatingMethodAccessorImpl.invoke(DelegatingMethodAccessorImpl.java:43)
	at java.base@17.0.1/java.lang.reflect.Method.invoke(Method.java:568)
	at app//org.junit.platform.commons.util.ReflectionUtils.invokeMethod(ReflectionUtils.java:725)
	at app//org.junit.jupiter.engine.execution.MethodInvocation.proceed(MethodInvocation.java:60)
	at app//org.junit.jupiter.engine.execution.InvocationInterceptorChain$ValidatingInvocation.proceed(InvocationInterceptorChain.java:131)
	at app//org.junit.jupiter.engine.extension.TimeoutExtension.intercept(TimeoutExtension.java:149)
	at app//org.junit.jupiter.engine.extension.TimeoutExtension.interceptTestableMethod(TimeoutExtension.java:140)
	at app//org.junit.jupiter.engine.extension.TimeoutExtension.interceptTestMethod(TimeoutExtension.java:84)
	at app//org.junit.jupiter.engine.execution.ExecutableInvoker$ReflectiveInterceptorCall.lambda$ofVoidMethod$0(ExecutableInvoker.java:115)
	at app//org.junit.jupiter.engine.execution.ExecutableInvoker.lambda$invoke$0(ExecutableInvoker.java:105)
	at app//org.junit.jupiter.engine.execution.InvocationInterceptorChain$InterceptedInvocation.proceed(InvocationInterceptorChain.java:106)
	at app//org.junit.jupiter.engine.execution.InvocationInterceptorChain.proceed(InvocationInterceptorChain.java:64)
	at app//org.junit.jupiter.engine.execution.InvocationInterceptorChain.chainAndInvoke(InvocationInterceptorChain.java:45)
	at app//org.junit.jupiter.engine.execution.InvocationInterceptorChain.invoke(InvocationInterceptorChain.java:37)
	at app//org.junit.jupiter.engine.execution.ExecutableInvoker.invoke(ExecutableInvoker.java:104)
	at app//org.junit.jupiter.engine.execution.ExecutableInvoker.invoke(ExecutableInvoker.java:98)
	at app//org.junit.jupiter.engine.descriptor.TestMethodTestDescriptor.lambda$invokeTestMethod$7(TestMethodTestDescriptor.java:214)
	at app//org.junit.platform.engine.support.hierarchical.ThrowableCollector.execute(ThrowableCollector.java:73)
	at app//org.junit.jupiter.engine.descriptor.TestMethodTestDescriptor.invokeTestMethod(TestMethodTestDescriptor.java:210)
	at app//org.junit.jupiter.engine.descriptor.TestMethodTestDescriptor.execute(TestMethodTestDescriptor.java:135)
	at app//org.junit.jupiter.engine.descriptor.TestMethodTestDescriptor.execute(TestMethodTestDescriptor.java:66)
	at app//org.junit.platform.engine.support.hierarchical.NodeTestTask.lambda$executeRecursively$6(NodeTestTask.java:151)
	at app//org.junit.platform.engine.support.hierarchical.ThrowableCollector.execute(ThrowableCollector.java:73)
	at app//org.junit.platform.engine.support.hierarchical.NodeTestTask.lambda$executeRecursively$8(NodeTestTask.java:141)
	at app//org.junit.platform.engine.support.hierarchical.Node.around(Node.java:137)
	at app//org.junit.platform.engine.support.hierarchical.NodeTestTask.lambda$executeRecursively$9(NodeTestTask.java:139)
	at app//org.junit.platform.engine.support.hierarchical.ThrowableCollector.execute(ThrowableCollector.java:73)
	at app//org.junit.platform.engine.support.hierarchical.NodeTestTask.executeRecursively(NodeTestTask.java:138)
	at app//org.junit.platform.engine.support.hierarchical.NodeTestTask.execute(NodeTestTask.java:95)
	at java.base@17.0.1/java.util.ArrayList.forEach(ArrayList.java:1511)
	at app//org.junit.platform.engine.support.hierarchical.SameThreadHierarchicalTestExecutorService.invokeAll(SameThreadHierarchicalTestExecutorService.java:41)
	at app//org.junit.platform.engine.support.hierarchical.NodeTestTask.lambda$executeRecursively$6(NodeTestTask.java:155)
	at app//org.junit.platform.engine.support.hierarchical.ThrowableCollector.execute(ThrowableCollector.java:73)
	at app//org.junit.platform.engine.support.hierarchical.NodeTestTask.lambda$executeRecursively$8(NodeTestTask.java:141)
	at app//org.junit.platform.engine.support.hierarchical.Node.around(Node.java:137)
	at app//org.junit.platform.engine.support.hierarchical.NodeTestTask.lambda$executeRecursively$9(NodeTestTask.java:139)
	at app//org.junit.platform.engine.support.hierarchical.ThrowableCollector.execute(ThrowableCollector.java:73)
	at app//org.junit.platform.engine.support.hierarchical.NodeTestTask.executeRecursively(NodeTestTask.java:138)
	at app//org.junit.platform.engine.support.hierarchical.NodeTestTask.execute(NodeTestTask.java:95)
	at java.base@17.0.1/java.util.ArrayList.forEach(ArrayList.java:1511)
	at app//org.junit.platform.engine.support.hierarchical.SameThreadHierarchicalTestExecutorService.invokeAll(SameThreadHierarchicalTestExecutorService.java:41)
	at app//org.junit.platform.engine.support.hierarchical.NodeTestTask.lambda$executeRecursively$6(NodeTestTask.java:155)
	at app//org.junit.platform.engine.support.hierarchical.ThrowableCollector.execute(ThrowableCollector.java:73)
	at app//org.junit.platform.engine.support.hierarchical.NodeTestTask.lambda$executeRecursively$8(NodeTestTask.java:141)
	at app//org.junit.platform.engine.support.hierarchical.Node.around(Node.java:137)
	at app//org.junit.platform.engine.support.hierarchical.NodeTestTask.lambda$executeRecursively$9(NodeTestTask.java:139)
	at app//org.junit.platform.engine.support.hierarchical.ThrowableCollector.execute(ThrowableCollector.java:73)
	at app//org.junit.platform.engine.support.hierarchical.NodeTestTask.executeRecursively(NodeTestTask.java:138)
	at app//org.junit.platform.engine.support.hierarchical.NodeTestTask.execute(NodeTestTask.java:95)
	at app//org.junit.platform.engine.support.hierarchical.SameThreadHierarchicalTestExecutorService.submit(SameThreadHierarchicalTestExecutorService.java:35)
	at app//org.junit.platform.engine.support.hierarchical.HierarchicalTestExecutor.execute(HierarchicalTestExecutor.java:57)
	at app//org.junit.platform.engine.support.hierarchical.HierarchicalTestEngine.execute(HierarchicalTestEngine.java:54)
	at org.junit.platform.launcher.core.EngineExecutionOrchestrator.execute(EngineExecutionOrchestrator.java:107)
	at org.junit.platform.launcher.core.EngineExecutionOrchestrator.execute(EngineExecutionOrchestrator.java:88)
	at org.junit.platform.launcher.core.EngineExecutionOrchestrator.lambda$execute$0(EngineExecutionOrchestrator.java:54)
	at org.junit.platform.launcher.core.EngineExecutionOrchestrator.withInterceptedStreams(EngineExecutionOrchestrator.java:67)
	at org.junit.platform.launcher.core.EngineExecutionOrchestrator.execute(EngineExecutionOrchestrator.java:52)
	at org.junit.platform.launcher.core.DefaultLauncher.execute(DefaultLauncher.java:114)
	at org.junit.platform.launcher.core.DefaultLauncher.execute(DefaultLauncher.java:86)
	at org.junit.platform.launcher.core.DefaultLauncherSession$DelegatingLauncher.execute(DefaultLauncherSession.java:86)
	at org.junit.platform.launcher.core.SessionPerRequestLauncher.execute(SessionPerRequestLauncher.java:53)
	at org.gradle.api.internal.tasks.testing.junitplatform.JUnitPlatformTestClassProcessor$CollectAllTestClassesExecutor.processAllTestClasses(JUnitPlatformTestClassProcessor.java:99)
	at org.gradle.api.internal.tasks.testing.junitplatform.JUnitPlatformTestClassProcessor$CollectAllTestClassesExecutor.access$000(JUnitPlatformTestClassProcessor.java:79)
	at org.gradle.api.internal.tasks.testing.junitplatform.JUnitPlatformTestClassProcessor.stop(JUnitPlatformTestClassProcessor.java:75)
	at org.gradle.api.internal.tasks.testing.SuiteTestClassProcessor.stop(SuiteTestClassProcessor.java:61)
	at java.base@17.0.1/jdk.internal.reflect.NativeMethodAccessorImpl.invoke0(Native Method)
	at java.base@17.0.1/jdk.internal.reflect.NativeMethodAccessorImpl.invoke(NativeMethodAccessorImpl.java:77)
	at java.base@17.0.1/jdk.internal.reflect.DelegatingMethodAccessorImpl.invoke(DelegatingMethodAccessorImpl.java:43)
	at java.base@17.0.1/java.lang.reflect.Method.invoke(Method.java:568)
	at org.gradle.internal.dispatch.ReflectionDispatch.dispatch(ReflectionDispatch.java:36)
	at org.gradle.internal.dispatch.ReflectionDispatch.dispatch(ReflectionDispatch.java:24)
	at org.gradle.internal.dispatch.ContextClassLoaderDispatch.dispatch(ContextClassLoaderDispatch.java:33)
	at org.gradle.internal.dispatch.ProxyDispatchAdapter$DispatchingInvocationHandler.invoke(ProxyDispatchAdapter.java:94)
	at jdk.proxy1/jdk.proxy1.$Proxy2.stop(Unknown Source)
	at org.gradle.api.internal.tasks.testing.worker.TestWorker$3.run(TestWorker.java:193)
	at org.gradle.api.internal.tasks.testing.worker.TestWorker.executeAndMaintainThreadName(TestWorker.java:129)
	at org.gradle.api.internal.tasks.testing.worker.TestWorker.execute(TestWorker.java:100)
	at org.gradle.api.internal.tasks.testing.worker.TestWorker.execute(TestWorker.java:60)
	at org.gradle.process.internal.worker.child.ActionExecutionWorker.execute(ActionExecutionWorker.java:56)
	at org.gradle.process.internal.worker.child.SystemApplicationClassLoaderWorker.call(SystemApplicationClassLoaderWorker.java:133)
	at org.gradle.process.internal.worker.child.SystemApplicationClassLoaderWorker.call(SystemApplicationClassLoaderWorker.java:71)
	at app//worker.org.gradle.process.internal.worker.GradleWorkerMain.run(GradleWorkerMain.java:69)
	at app//worker.org.gradle.process.internal.worker.GradleWorkerMain.main(GradleWorkerMain.java:74)
Caused by: io.mockk.MockKException: no answer found for: TopicRepository(#9).getReferenceById(2)
	at app//io.mockk.impl.stub.MockKStub.defaultAnswer(MockKStub.kt:93)
	at app//io.mockk.impl.stub.MockKStub.answer(MockKStub.kt:42)
	at app//io.mockk.impl.recording.states.AnsweringState.call(AnsweringState.kt:16)
	at app//io.mockk.impl.recording.CommonCallRecorder.call(CommonCallRecorder.kt:53)
	at app//io.mockk.impl.stub.MockKStub.handleInvocation(MockKStub.kt:271)
	at app//io.mockk.impl.instantiation.JvmMockFactoryHelper$mockHandler$1.invocation(JvmMockFactoryHelper.kt:24)
	at app//io.mockk.proxy.jvm.advice.Interceptor.call(Interceptor.kt:21)
	at app//io.mockk.proxy.jvm.advice.BaseAdvice.handle(BaseAdvice.kt:42)
	at app//io.mockk.proxy.jvm.advice.jvm.JvmMockKProxyInterceptor.interceptNoSuper(JvmMockKProxyInterceptor.java:45)
	at app//br.com.matheuscordeiro.forum.repositories.TopicRepository$Subclass1.getReferenceById(Unknown Source)
	at app//br.com.matheuscordeiro.forum.repositories.TopicRepository$Subclass1.getReferenceById(Unknown Source)
	at app//br.com.matheuscordeiro.forum.services.impl.TopicServiceImpl.findFirstById(TopicServiceImpl.kt:71)
	at app//br.com.matheuscordeiro.forum.services.impl.TopicServiceImpl.findById(TopicServiceImpl.kt:38)
	at app//br.com.matheuscordeiro.forum.services.TopicServiceTest.should throw exception if topic does not exist(TopicServiceTest.kt:70)
	... 85 more
</pre>
</span>
</div>
</div>
<div id="tab1" class="tab">
<h2>Tests</h2>
<table>
<thead>
<tr>
<th>Test</th>
<th>Duration</th>
<th>Result</th>
</tr>
</thead>
<tr>
<td class="failures">should list all topics when course name is null()</td>
<td class="failures">0.121s</td>
<td class="failures">failed</td>
</tr>
<tr>
<td class="success">should list topic by course name()</td>
<td class="success">0.121s</td>
<td class="success">passed</td>
</tr>
<tr>
<td class="failures">should throw exception if topic does not exist()</td>
<td class="failures">0.059s</td>
<td class="failures">failed</td>
</tr>
</table>
</div>
<div id="tab2" class="tab">
<h2>Standard output</h2>
<span class="code">
<pre>17:23:42.783 [Test worker] DEBUG io.mockk.impl.instantiation.AbstractMockFactory - Creating mockk for Pageable name=#1
17:23:43.958 [Test worker] DEBUG io.mockk.impl.instantiation.AbstractMockFactory - Creating mockk for TopicRepository name=#2
17:23:44.684 [Test worker] DEBUG io.mockk.impl.instantiation.AbstractMockFactory - Creating mockk for Page name=child of #2#3
17:23:44.844 [Test worker] DEBUG io.mockk.impl.instantiation.AbstractMockFactory - Creating mockk for Page name=child of #2#4
17:23:44.845 [Test worker] DEBUG io.mockk.impl.instantiation.AbstractMockFactory - Creating mockk for TopicResponseMapper name=#5
17:23:44.873 [Test worker] DEBUG io.mockk.impl.instantiation.AbstractMockFactory - Creating mockk for TopicRequestMapper name=#6
17:23:44.985 [Test worker] DEBUG io.mockk.impl.instantiation.AbstractMockFactory - Creating mockk for TopicResponse name=child of #5#7
17:23:44.991 [Test worker] DEBUG io.mockk.impl.recording.states.AnsweringState - Answering Page 1 of 1 containing br.com.matheuscordeiro.forum.models.Topic instances on TopicRepository(#2).findAll(Pageable(#1))
17:23:45.004 [Test worker] DEBUG io.mockk.impl.recording.states.AnsweringState - Answering TopicResponse(id=1, title=Kotlin Basic, message=Learn Kotlin, status=NOT_SOLVED, dateCreation=2022-11-16T17:23:42.054819900, dateUpdate=2022-11-16) on TopicResponseMapper(#5).map(Topic(id = 1 , tittle = Kotlin Basic , message = Learn Kotlin , dateCreation = 2022-11-16T17:23:42.054819900 , course = Course(id = 1 , name = Kotlin Basic , category = Programming ) , author = User(id=1, name='Matheus', email='matheus@gmail.com', password='1234') , status = NOT_SOLVED ))
17:23:45.031 [Test worker] DEBUG io.mockk.impl.instantiation.AbstractMockFactory - Creating mockk for Pageable name=#8
17:23:45.031 [Test worker] DEBUG io.mockk.impl.instantiation.AbstractMockFactory - Creating mockk for TopicRepository name=#9
17:23:45.035 [Test worker] DEBUG io.mockk.impl.instantiation.AbstractMockFactory - Creating mockk for Page name=child of #9#10
17:23:45.038 [Test worker] DEBUG io.mockk.impl.instantiation.AbstractMockFactory - Creating mockk for Page name=child of #9#11
17:23:45.038 [Test worker] DEBUG io.mockk.impl.instantiation.AbstractMockFactory - Creating mockk for TopicResponseMapper name=#12
17:23:45.038 [Test worker] DEBUG io.mockk.impl.instantiation.AbstractMockFactory - Creating mockk for TopicRequestMapper name=#13
17:23:45.082 [Test worker] DEBUG io.mockk.impl.instantiation.AbstractMockFactory - Creating mockk for Optional name=child of #9#14
17:23:45.089 [Test worker] DEBUG io.mockk.impl.recording.states.AnsweringState - Throwing io.mockk.MockKException: no answer found for: TopicRepository(#9).getReferenceById(2) on TopicRepository(#9).getReferenceById(2)
17:23:45.099 [Test worker] DEBUG io.mockk.impl.instantiation.AbstractMockFactory - Creating mockk for Pageable name=#15
17:23:45.100 [Test worker] DEBUG io.mockk.impl.instantiation.AbstractMockFactory - Creating mockk for TopicRepository name=#16
17:23:45.100 [Test worker] DEBUG io.mockk.impl.instantiation.AbstractMockFactory - Creating mockk for Page name=child of #16#17
17:23:45.103 [Test worker] DEBUG io.mockk.impl.instantiation.AbstractMockFactory - Creating mockk for Page name=child of #16#18
17:23:45.104 [Test worker] DEBUG io.mockk.impl.instantiation.AbstractMockFactory - Creating mockk for TopicResponseMapper name=#19
17:23:45.104 [Test worker] DEBUG io.mockk.impl.instantiation.AbstractMockFactory - Creating mockk for TopicRequestMapper name=#20
17:23:45.108 [Test worker] DEBUG io.mockk.impl.instantiation.AbstractMockFactory - Creating mockk for TopicResponse name=child of #19#21
17:23:45.109 [Test worker] DEBUG io.mockk.impl.recording.states.AnsweringState - Answering Page 1 of 1 containing br.com.matheuscordeiro.forum.models.Topic instances on TopicRepository(#16).findByCourseName(Kotlin Basic, Pageable(#15))
17:23:45.109 [Test worker] DEBUG io.mockk.impl.recording.states.AnsweringState - Answering TopicResponse(id=1, title=Kotlin Basic, message=Learn Kotlin, status=NOT_SOLVED, dateCreation=2022-11-16T17:23:45.099078200, dateUpdate=2022-11-16) on TopicResponseMapper(#19).map(Topic(id = 1 , tittle = Kotlin Basic , message = Learn Kotlin , dateCreation = 2022-11-16T17:23:45.099078200 , course = Course(id = 1 , name = Kotlin Basic , category = Programming ) , author = User(id=1, name='Matheus', email='matheus@gmail.com', password='1234') , status = NOT_SOLVED ))
</pre>
</span>
</div>
</div>
<div id="footer">
<p>
<div>
<label class="hidden" id="label-for-line-wrapping-toggle" for="line-wrapping-toggle">Wrap lines
<input id="line-wrapping-toggle" type="checkbox" autocomplete="off"/>
</label>
</div>Generated by 
<a href="http://www.gradle.org">Gradle 7.5</a> at 16 de nov. de 2022 17:23:45</p>
</div>
</div>
</body>
</html>
